<?xml version="1.0" encoding="UTF-8"?>
<testsuite name="com.thoughtWorking.training.NumberProcesserTest" tests="1" skipped="0" failures="0" errors="0" timestamp="2018-07-30T12:45:09" hostname="CNtge.local" time="0.001">
  <properties/>
  <testcase name="testProcess" classname="com.thoughtWorking.training.NumberProcesserTest" time="0.001"/>
  <system-out><![CDATA[]]></system-out>
  <system-err><![CDATA[]]></system-err>
</testsuite>
